<?xml version="1.0" encoding="UTF-8"?>
<!-- Generated by org.testng.reporters.JUnitReportReporter -->
<testsuite hostname="MacBook-Air-2.local" failures="0" tests="1" name="day63_JavaRecap.Quiz16" time="1.020" errors="1" timestamp="2019-12-15T19:15:38 CST" skipped="0">
  <testcase classname="day63_JavaRecap.Quiz16" name="Test1" time="1.020">
    <error message="Method day63_JavaRecap.Quiz16.Test1() didn&#039;t finish within the time-out 1000" type="org.testng.internal.thread.ThreadTimeoutException">
      <![CDATA[org.testng.internal.thread.ThreadTimeoutException: Method day63_JavaRecap.Quiz16.Test1() didn't finish within the time-out 1000
]]>
    </error>
  </testcase> <!-- Test1 -->
</testsuite> <!-- day63_JavaRecap.Quiz16 -->
